[debug] [2023-12-06T02:32:53.494Z] ----------------------------------------------------------------------
[debug] [2023-12-06T02:32:53.496Z] Command:       C:\Program Files\nodejs\node.exe C:\Users\CELSO\AppData\Roaming\npm\node_modules\firebase-tools\lib\bin\firebase.js init
[debug] [2023-12-06T02:32:53.497Z] CLI Version:   12.9.1
[debug] [2023-12-06T02:32:53.497Z] Platform:      win32
[debug] [2023-12-06T02:32:53.497Z] Node Version:  v20.10.0
[debug] [2023-12-06T02:32:53.497Z] Time:          Tue Dec 05 2023 21:32:53 GMT-0500 (hora estándar de Perú)
[debug] [2023-12-06T02:32:53.497Z] ----------------------------------------------------------------------
[debug] 
[debug] [2023-12-06T02:32:53.501Z] > command requires scopes: ["email","openid","https://www.googleapis.com/auth/cloudplatformprojects.readonly","https://www.googleapis.com/auth/firebase","https://www.googleapis.com/auth/cloud-platform"]
[debug] [2023-12-06T02:32:53.502Z] > authorizing via signed-in user (47484140@certus.edu.pe)
[info] 
     ######## #### ########  ######## ########     ###     ######  ########
     ##        ##  ##     ## ##       ##     ##  ##   ##  ##       ##
     ######    ##  ########  ######   ########  #########  ######  ######
     ##        ##  ##    ##  ##       ##     ## ##     ##       ## ##
     ##       #### ##     ## ######## ########  ##     ##  ######  ########

You're about to initialize a Firebase project in this directory:

  C:\Users\CELSO\Documents\PROYECTO FINAL WEB - CERTUS

[info] 
=== Project Setup
[info] 
[info] First, let's associate this project directory with a Firebase project.
[info] You can create multiple project aliases by running firebase use --add, 
[info] but for now we'll just set up a default project.
[info] 
[debug] [2023-12-06T02:33:24.272Z] >>> [apiv2][query] GET https://firebase.googleapis.com/v1beta1/projects pageSize=100
[debug] [2023-12-06T02:33:24.598Z] <<< [apiv2][status] GET https://firebase.googleapis.com/v1beta1/projects 403
[debug] [2023-12-06T02:33:24.599Z] <<< [apiv2][body] GET https://firebase.googleapis.com/v1beta1/projects [omitted]
[debug] [2023-12-06T02:33:24.600Z] HTTP Error: 403, The caller does not have permission
[debug] [2023-12-06T02:33:24.862Z] FirebaseError: HTTP Error: 403, The caller does not have permission
    at responseToError (C:\Users\CELSO\AppData\Roaming\npm\node_modules\firebase-tools\lib\responseToError.js:49:12)
    at RetryOperation._fn (C:\Users\CELSO\AppData\Roaming\npm\node_modules\firebase-tools\lib\apiv2.js:285:77)
    at process.processTicksAndRejections (node:internal/process/task_queues:95:5)
[error] 
[error] Error: Failed to list Firebase projects. See firebase-debug.log for more info.
